<?xml version="1.0" encoding="UTF-8"?>
<beans xmlns="http://www.springframework.org/schema/beans"
	xmlns:xsi="http://www.w3.org/2001/XMLSchema-instance"
	xmlns:aop="http://www.springframework.org/schema/aop"
	xmlns:c="http://www.springframework.org/schema/c"
	xmlns:cache="http://www.springframework.org/schema/cache"
	xmlns:context="http://www.springframework.org/schema/context"
	xmlns:jdbc="http://www.springframework.org/schema/jdbc"
	xmlns:lang="http://www.springframework.org/schema/lang"
	xmlns:mvc="http://www.springframework.org/schema/mvc"
	xmlns:oxm="http://www.springframework.org/schema/oxm"
	xmlns:p="http://www.springframework.org/schema/p"
	xmlns:task="http://www.springframework.org/schema/task"
	xmlns:tx="http://www.springframework.org/schema/tx"
	xmlns:util="http://www.springframework.org/schema/util"
	xmlns:mybatis-spring="http://mybatis.org/schema/mybatis-spring"
	xsi:schemaLocation="http://mybatis.org/schema/mybatis-spring http://mybatis.org/schema/mybatis-spring-1.2.xsd
		http://www.springframework.org/schema/mvc http://www.springframework.org/schema/mvc/spring-mvc-4.3.xsd
		http://www.springframework.org/schema/cache http://www.springframework.org/schema/cache/spring-cache-4.3.xsd
		http://www.springframework.org/schema/task http://www.springframework.org/schema/task/spring-task-4.3.xsd
		http://www.springframework.org/schema/beans http://www.springframework.org/schema/beans/spring-beans.xsd
		http://www.springframework.org/schema/context http://www.springframework.org/schema/context/spring-context-4.3.xsd
		http://www.springframework.org/schema/lang http://www.springframework.org/schema/lang/spring-lang-4.3.xsd
		http://www.springframework.org/schema/aop http://www.springframework.org/schema/aop/spring-aop-4.3.xsd
		http://www.springframework.org/schema/util http://www.springframework.org/schema/util/spring-util-4.3.xsd">
	<!-- properties file 정보 -->    
    <context:property-placeholder location="classpath:config/junit.properties"  />
        
    <!-- StringPrinter 클래스를 bean으로 등록-->
    <bean id="stringPrinter" class="devjjo.junit.dto.before.StringPrinter" />
    
    <!-- ConsolPrinter 클래스를 bean으로 등록 -->
    <bean id="consolePrinter" class="devjjo.junit.dto.before.ConsolePrinter" />
    
    <!-- Hello 클래스를 bean으로 등록 첫번째방법 -->
    <bean id="helloPrinter" class="devjjo.junit.dto.before.Hello" >
        <!-- setter injection 설정 -->
        <property name="name" value ="조성훈"/>
        <property name="printer" ref ="stringPrinter"/>
    </bean>
    
    <!-- Hello 클래스를 bean으로 등록 두번째방법 -->
    <bean id="helloC" class="devjjo.junit.dto.before.Hello" >
        <!-- constructor injection 설정 -->
        <constructor-arg index="0" value="${name}"/>
        <constructor-arg index="1" ref="consolePrinter"/>
        <property name="names">
            <list>
                <value>${value1}</value>
                <value>${value2}</value>
                <value>${value3}</value>
            </list>
        </property> 
 
    </bean>
    		
</beans>
		